<?xml version="1.0" encoding="UTF-8"?>
<!-- Generated by org.testng.reporters.JUnitReportReporter -->
<testsuite hostname="LAPTOP-9U04783C" failures="0" tests="1" name="Demo.PracticeTest" time="0.033" errors="0" timestamp="2022-11-22T11:17:42 IST" skipped="0">
  <testcase classname="Demo.PracticeTest" name="practice" time="0.033"/>
  <system-out/>
</testsuite> <!-- Demo.PracticeTest -->
