<?xml version="1.0" encoding="UTF-8"?>
<!-- Generated by org.testng.reporters.JUnitReportReporter -->
<testsuite hostname="LAPTOP-9U04783C" failures="0" tests="1" name="Demo.DemoTest" time="0.022" errors="0" timestamp="2022-11-21T10:04:15 IST" skipped="0">
  <testcase classname="Demo.DemoTest" name="demo" time="0.022"/>
  <system-out/>
</testsuite> <!-- Demo.DemoTest -->
